./geckodriver.exe: error: Found argument '-e' which wasn't expected, or isn't valid in this context

USAGE:
    geckodriver.exe -v

For more information try --help

./geckodriver: error: Found argument '-e' which wasn't expected, or isn't valid in this context

USAGE:
    geckodriver -v

For more information try --help

1588014343623	mozrunner::runner	INFO	Running command: "C:\\Program Files\\Firefox Developer Edition\\firefox.exe" "-marionette" "-foreground" "-no-remote" "-profile" "C:\\Users\\WASIMM~1\\AppData\\Local\\Temp\\rust_mozprofileWcJ0be"
1588014350514	addons.webextension.doh-rollout@mozilla.org	WARN	Loading extension 'doh-rollout@mozilla.org': Reading manifest: Invalid extension permission: networkStatus
1588014353908	addons.webextension.screenshots@mozilla.org	WARN	Loading extension 'screenshots@mozilla.org': Reading manifest: Invalid extension permission: mozillaAddons
1588014353908	addons.webextension.screenshots@mozilla.org	WARN	Loading extension 'screenshots@mozilla.org': Reading manifest: Invalid extension permission: telemetry
1588014353908	addons.webextension.screenshots@mozilla.org	WARN	Loading extension 'screenshots@mozilla.org': Reading manifest: Invalid extension permission: resource://pdf.js/
1588014353908	addons.webextension.screenshots@mozilla.org	WARN	Loading extension 'screenshots@mozilla.org': Reading manifest: Invalid extension permission: about:reader*
JavaScript error: resource://gre/modules/XULStore.jsm, line 66: Error: Can't find profile directory.
1588014373710	Marionette	INFO	Listening on port 64498
1588014374474	Marionette	WARN	TLS certificate errors will be ignored for this session
1588014503708	Marionette	INFO	Stopped listening on port 64498

###!!! [Child][RunMessage] Error: Channel closing: too late to send/recv, messages will be lost


###!!! [Child][MessageChannel::SendAndWait] Error: Channel error: cannot send/recv

1588015137642	mozrunner::runner	INFO	Running command: "C:\\Program Files\\Firefox Developer Edition\\firefox.exe" "-marionette" "-foreground" "-no-remote" "-profile" "C:\\Users\\WASIMM~1\\AppData\\Local\\Temp\\rust_mozprofileVRac95"
1588015161130	mozrunner::runner	INFO	Running command: "C:\\Program Files\\Firefox Developer Edition\\firefox.exe" "-marionette" "-foreground" "-no-remote" "-profile" "C:\\Users\\WASIMM~1\\AppData\\Local\\Temp\\rust_mozprofileIjpNZe"
1588015162379	addons.webextension.doh-rollout@mozilla.org	WARN	Loading extension 'doh-rollout@mozilla.org': Reading manifest: Invalid extension permission: networkStatus
1588015164761	addons.webextension.screenshots@mozilla.org	WARN	Loading extension 'screenshots@mozilla.org': Reading manifest: Invalid extension permission: mozillaAddons
1588015164761	addons.webextension.screenshots@mozilla.org	WARN	Loading extension 'screenshots@mozilla.org': Reading manifest: Invalid extension permission: telemetry
1588015164761	addons.webextension.screenshots@mozilla.org	WARN	Loading extension 'screenshots@mozilla.org': Reading manifest: Invalid extension permission: resource://pdf.js/
1588015164761	addons.webextension.screenshots@mozilla.org	WARN	Loading extension 'screenshots@mozilla.org': Reading manifest: Invalid extension permission: about:reader*
JavaScript error: resource://gre/modules/XULStore.jsm, line 66: Error: Can't find profile directory.
1588015169290	Marionette	INFO	Listening on port 65492
1588015169465	Marionette	WARN	TLS certificate errors will be ignored for this session
1588015175549	Marionette	INFO	Stopped listening on port 65492

###!!! [Child][RunMessage] Error: Channel closing: too late to send/recv, messages will be lost


###!!! [Child][MessageChannel::SendAndWait] Error: Channel error: cannot send/recv

1588015452624	mozrunner::runner	INFO	Running command: "C:\\Program Files\\Firefox Developer Edition\\firefox.exe" "-marionette" "-foreground" "-no-remote" "-profile" "C:\\Users\\WASIMM~1\\AppData\\Local\\Temp\\rust_mozprofileY70PI6"
1588015453446	addons.webextension.doh-rollout@mozilla.org	WARN	Loading extension 'doh-rollout@mozilla.org': Reading manifest: Invalid extension permission: networkStatus
1588015455359	addons.webextension.screenshots@mozilla.org	WARN	Loading extension 'screenshots@mozilla.org': Reading manifest: Invalid extension permission: mozillaAddons
1588015455360	addons.webextension.screenshots@mozilla.org	WARN	Loading extension 'screenshots@mozilla.org': Reading manifest: Invalid extension permission: telemetry
1588015455360	addons.webextension.screenshots@mozilla.org	WARN	Loading extension 'screenshots@mozilla.org': Reading manifest: Invalid extension permission: resource://pdf.js/
1588015455360	addons.webextension.screenshots@mozilla.org	WARN	Loading extension 'screenshots@mozilla.org': Reading manifest: Invalid extension permission: about:reader*
JavaScript error: resource://gre/modules/XULStore.jsm, line 66: Error: Can't find profile directory.
1588015459058	Marionette	INFO	Listening on port 49488
1588015459448	Marionette	WARN	TLS certificate errors will be ignored for this session
1588015463656	Marionette	INFO	Stopped listening on port 49488

###!!! [Child][RunMessage] Error: Channel closing: too late to send/recv, messages will be lost


###!!! [Child][MessageChannel::SendAndWait] Error: Channel error: cannot send/recv

1588056359197	mozrunner::runner	INFO	Running command: "C:\\Program Files\\Firefox Developer Edition\\firefox.exe" "-marionette" "-foreground" "-no-remote" "-profile" "C:\\Users\\WASIMM~1\\AppData\\Local\\Temp\\rust_mozprofileIn4Yk2"
1588056361284	addons.webextension.doh-rollout@mozilla.org	WARN	Loading extension 'doh-rollout@mozilla.org': Reading manifest: Invalid extension permission: networkStatus
1588056363258	addons.webextension.screenshots@mozilla.org	WARN	Loading extension 'screenshots@mozilla.org': Reading manifest: Invalid extension permission: mozillaAddons
1588056363258	addons.webextension.screenshots@mozilla.org	WARN	Loading extension 'screenshots@mozilla.org': Reading manifest: Invalid extension permission: telemetry
1588056363258	addons.webextension.screenshots@mozilla.org	WARN	Loading extension 'screenshots@mozilla.org': Reading manifest: Invalid extension permission: resource://pdf.js/
1588056363258	addons.webextension.screenshots@mozilla.org	WARN	Loading extension 'screenshots@mozilla.org': Reading manifest: Invalid extension permission: about:reader*
JavaScript error: resource://gre/modules/XULStore.jsm, line 66: Error: Can't find profile directory.
1588056367772	Marionette	INFO	Listening on port 54785
1588056368144	Marionette	WARN	TLS certificate errors will be ignored for this session
1588056374608	Marionette	INFO	Stopped listening on port 54785
JavaScript error: resource://gre/modules/UrlClassifierListManager.jsm, line 691: TypeError: this.tablesData[table] is undefined

###!!! [Child][RunMessage] Error: Channel closing: too late to send/recv, messages will be lost

1588056595191	mozrunner::runner	INFO	Running command: "C:\\Program Files\\Firefox Developer Edition\\firefox.exe" "-marionette" "-foreground" "-no-remote" "-profile" "C:\\Users\\WASIMM~1\\AppData\\Local\\Temp\\rust_mozprofileBxS4aR"
1588056597721	addons.webextension.doh-rollout@mozilla.org	WARN	Loading extension 'doh-rollout@mozilla.org': Reading manifest: Invalid extension permission: networkStatus
1588056600067	addons.webextension.screenshots@mozilla.org	WARN	Loading extension 'screenshots@mozilla.org': Reading manifest: Invalid extension permission: mozillaAddons
1588056600067	addons.webextension.screenshots@mozilla.org	WARN	Loading extension 'screenshots@mozilla.org': Reading manifest: Invalid extension permission: telemetry
1588056600067	addons.webextension.screenshots@mozilla.org	WARN	Loading extension 'screenshots@mozilla.org': Reading manifest: Invalid extension permission: resource://pdf.js/
1588056600067	addons.webextension.screenshots@mozilla.org	WARN	Loading extension 'screenshots@mozilla.org': Reading manifest: Invalid extension permission: about:reader*
JavaScript error: resource://gre/modules/XULStore.jsm, line 66: Error: Can't find profile directory.
1588056603306	Marionette	INFO	Listening on port 55073
1588056603533	Marionette	WARN	TLS certificate errors will be ignored for this session
JavaScript error: resource://gre/modules/IndexedDB.jsm, line 370: UnknownError: IDBDatabase.transaction: Can't start IndexedDB transaction during shutdown
1588056669835	Marionette	INFO	Stopped listening on port 55073

###!!! [Child][MessageChannel::SendAndWait] Error: Channel error: cannot send/recv

ension 'doh-rollout@mozilla.org': Reading manifest: Invalid extension permission: networkStatus
1588056650977	addons.webextension.screenshots@mozilla.org	WARN	Loading extension 'screenshots@mozilla.org': Reading manifest: Invalid extension permission: mozillaAddons
1588056650977	addons.webextension.screenshots@mozilla.org	WARN	Loading extension 'screenshots@mozilla.org': Reading manifest: Invalid extension permission: telemetry
1588056650977	addons.webextension.screenshots@mozilla.org	WARN	Loading extension 'screenshots@mozilla.org': Reading manifest: Invalid extension permission: resource://pdf.js/
1588056650977	addons.webextension.screenshots@mozilla.org	WARN	Loading extension 'screenshots@mozilla.org': Reading manifest: Invalid extension permission: about:reader*
JavaScript error: resource://gre/modules/XULStore.jsm, line 66: Error: Can't find profile directory.
1588056653547	Marionette	INFO	Listening on port 55178
1588056653804	Marionette	WARN	TLS certificate errors will be ignored for this session
1588056657975	Marionette	INFO	Stopped listening on port 55178
JavaScript error: resource://gre/modules/UrlClassifierListManager.jsm, line 691: TypeError: this.tablesData[table] is undefined

###!!! [Child][RunMessage] Error: Channel closing: too late to send/recv, messages will be lost


###!!! [Child][MessageChannel::SendAndWait] Error: Channel error: cannot send/recv

1588056971075	mozrunner::runner	INFO	Running command: "C:\\Program Files\\Firefox Developer Edition\\firefox.exe" "-marionette" "-foreground" "-no-remote" "-profile" "C:\\Users\\WASIMM~1\\AppData\\Local\\Temp\\rust_mozprofilemYZdV5"
1588056971635	addons.webextension.doh-rollout@mozilla.org	WARN	Loading extension 'doh-rollout@mozilla.org': Reading manifest: Invalid extension permission: networkStatus
1588056973353	addons.webextension.screenshots@mozilla.org	WARN	Loading extension 'screenshots@mozilla.org': Reading manifest: Invalid extension permission: mozillaAddons
1588056973354	addons.webextension.screenshots@mozilla.org	WARN	Loading extension 'screenshots@mozilla.org': Reading manifest: Invalid extension permission: telemetry
1588056973354	addons.webextension.screenshots@mozilla.org	WARN	Loading extension 'screenshots@mozilla.org': Reading manifest: Invalid extension permission: resource://pdf.js/
1588056973354	addons.webextension.screenshots@mozilla.org	WARN	Loading extension 'screenshots@mozilla.org': Reading manifest: Invalid extension permission: about:reader*
JavaScript error: resource://gre/modules/XULStore.jsm, line 66: Error: Can't find profile directory.
1588056976201	Marionette	INFO	Listening on port 55547
1588056976293	Marionette	WARN	TLS certificate errors will be ignored for this session
1588057096958	Marionette	INFO	Stopped listening on port 55547

###!!! [Child][RunMessage] Error: Channel closing: too late to send/recv, messages will be lost


###!!! [Child][MessageChannel::SendAndWait] Error: Channel error: cannot send/recv

1588057159323	mozrunner::runner	INFO	Running command: "C:\\Program Files\\Firefox Developer Edition\\firefox.exe" "-marionette" "-foreground" "-no-remote" "-profile" "C:\\Users\\WASIMM~1\\AppData\\Local\\Temp\\rust_mozprofileGrvcW5"
1588057159886	addons.webextension.doh-rollout@mozilla.org	WARN	Loading extension 'doh-rollout@mozilla.org': Reading manifest: Invalid extension permission: networkStatus
1588057161564	addons.webextension.screenshots@mozilla.org	WARN	Loading extension 'screenshots@mozilla.org': Reading manifest: Invalid extension permission: mozillaAddons
1588057161564	addons.webextension.screenshots@mozilla.org	WARN	Loading extension 'screenshots@mozilla.org': Reading manifest: Invalid extension permission: telemetry
1588057161564	addons.webextension.screenshots@mozilla.org	WARN	Loading extension 'screenshots@mozilla.org': Reading manifest: Invalid extension permission: resource://pdf.js/
1588057161564	addons.webextension.screenshots@mozilla.org	WARN	Loading extension 'screenshots@mozilla.org': Reading manifest: Invalid extension permission: about:reader*
JavaScript error: resource://gre/modules/XULStore.jsm, line 66: Error: Can't find profile directory.
1588057164516	Marionette	INFO	Listening on port 55803
1588057164544	Marionette	WARN	TLS certificate errors will be ignored for this session
1588057168417	Marionette	INFO	Stopped listening on port 55803
JavaScript error: resource://gre/modules/UrlClassifierListManager.jsm, line 691: TypeError: this.tablesData[table] is undefined

###!!! [Child][MessageChannel::SendAndWait] Error: Channel error: cannot send/recv

1588057302462	mozrunner::runner	INFO	Running command: "C:\\Program Files\\Firefox Developer Edition\\firefox.exe" "-marionette" "-foreground" "-no-remote" "-profile" "C:\\Users\\WASIMM~1\\AppData\\Local\\Temp\\rust_mozprofileMYDBZZ"
1588057303146	addons.webextension.doh-rollout@mozilla.org	WARN	Loading extension 'doh-rollout@mozilla.org': Reading manifest: Invalid extension permission: networkStatus
1588057304919	addons.webextension.screenshots@mozilla.org	WARN	Loading extension 'screenshots@mozilla.org': Reading manifest: Invalid extension permission: mozillaAddons
1588057304920	addons.webextension.screenshots@mozilla.org	WARN	Loading extension 'screenshots@mozilla.org': Reading manifest: Invalid extension permission: telemetry
1588057304920	addons.webextension.screenshots@mozilla.org	WARN	Loading extension 'screenshots@mozilla.org': Reading manifest: Invalid extension permission: resource://pdf.js/
1588057304921	addons.webextension.screenshots@mozilla.org	WARN	Loading extension 'screenshots@mozilla.org': Reading manifest: Invalid extension permission: about:reader*
JavaScript error: resource://gre/modules/XULStore.jsm, line 66: Error: Can't find profile directory.
1588057307360	Marionette	INFO	Listening on port 55982
1588057307683	Marionette	WARN	TLS certificate errors will be ignored for this session
1588057311854	Marionette	INFO	Stopped listening on port 55982
JavaScript error: resource://gre/modules/UrlClassifierListManager.jsm, line 691: TypeError: this.tablesData[table] is undefined
1588057313036	addons.xpi	WARN	Addon with ID amazondotcom@search.mozilla.org already installed, older version will be disabled
1588057313036	addons.xpi-utils	WARN	Error: XPI database modified after shutdown began(resource://gre/modules/addons/XPIDatabase.jsm:1545:17) JS Stack trace: saveChanges@XPIDatabase.jsm:1545:17
makeAddonVisible@XPIDatabase.jsm:2348:10
addToDatabase@XPIDatabase.jsm:2275:12
install@XPIInstall.jsm:4320:27
update@XPIProvider.jsm:2074:13
async*_activateAddon@XPIInstall.jsm:4339:54
async*installBuiltinAddon@XPIInstall.jsm:4275:16
async*XPIProvider[meth]@XPIProvider.jsm:3138:28
installBuiltinAddon@AddonManager.jsm:2548:7
installBuiltinAddon@AddonManager.jsm:4082:33
ensureBuiltinExtension@SearchService.jsm:1372:28
_loadEngines@SearchService.jsm:1292:20
async*_maybeReloadEngines@SearchService.jsm:1491:16
async*fetchRegionDefault/</request.onload@SearchService.jsm:444:10
observe@AsyncShutdown.jsm:554:16
GeckoDriver.prototype.quit@driver.js:3514:20
despatch@server.js:305:40
execute@server.js:275:16
onPacket/<@server.js:248:20
onPacket@server.js:249:9
_onJSONObjectReady/<@transport.js:501:20
1588057313036	addons.xpi-utils	WARN	Error: XPI database modified after shutdown began(resource://gre/modules/addons/XPIDatabase.jsm:1545:17) JS Stack trace: saveChanges@XPIDatabase.jsm:1545:17
addToDatabase@XPIDatabase.jsm:2278:10
install@XPIInstall.jsm:4320:27
update@XPIProvider.jsm:2074:13
async*_activateAddon@XPIInstall.jsm:4339:54
async*installBuiltinAddon@XPIInstall.jsm:4275:16
async*XPIProvider[meth]@XPIProvider.jsm:3138:28
installBuiltinAddon@AddonManager.jsm:2548:7
installBuiltinAddon@AddonManager.jsm:4082:33
ensureBuiltinExtension@SearchService.jsm:1372:28
_loadEngines@SearchService.jsm:1292:20
async*_maybeReloadEngines@SearchService.jsm:1491:16
async*fetchRegionDefault/</request.onload@SearchService.jsm:444:10
observe@AsyncShutdown.jsm:554:16
GeckoDriver.prototype.quit@driver.js:3514:20
despatch@server.js:305:40
execute@server.js:275:16
onPacket/<@server.js:248:20
onPacket@server.js:249:9
_onJSONObjectReady/<@transport.js:501:20
1588057313088	addons.xpi	WARN	Addon with ID bing@search.mozilla.org already installed, older version will be disabled
1588057313088	addons.xpi-utils	WARN	Error: XPI database modified after shutdown began(resource://gre/modules/addons/XPIDatabase.jsm:1545:17) JS Stack trace: saveChanges@XPIDatabase.jsm:1545:17
makeAddonVisible@XPIDatabase.jsm:2348:10
addToDatabase@XPIDatabase.jsm:2275:12
install@XPIInstall.jsm:4320:27
update@XPIProvider.jsm:2074:13
async*_activateAddon@XPIInstall.jsm:4339:54
async*installBuiltinAddon@XPIInstall.jsm:4275:16
async*XPIProvider[meth]@XPIProvider.jsm:3138:28
installBuiltinAddon@AddonManager.jsm:2548:7
installBuiltinAddon@AddonManager.jsm:4082:33
ensureBuiltinExtension@SearchService.jsm:1372:28
_loadEngines@SearchService.jsm:1292:20
async*_maybeReloadEngines@SearchService.jsm:1491:16
async*fetchRegionDefault/</request.onload@SearchService.jsm:444:10
observe@AsyncShutdown.jsm:554:16
GeckoDriver.prototype.quit@driver.js:3514:20
despatch@server.js:305:40
execute@server.js:275:16
onPacket/<@server.js:248:20
onPacket@server.js:249:9
_onJSONObjectReady/<@transport.js:501:20
1588057313089	addons.xpi-utils	WARN	Error: XPI database modified after shutdown began(resource://gre/modules/addons/XPIDatabase.jsm:1545:17) JS Stack trace: saveChanges@XPIDatabase.jsm:1545:17
addToDatabase@XPIDatabase.jsm:2278:10
install@XPIInstall.jsm:4320:27
update@XPIProvider.jsm:2074:13
async*_activateAddon@XPIInstall.jsm:4339:54
async*installBuiltinAddon@XPIInstall.jsm:4275:16
async*XPIProvider[meth]@XPIProvider.jsm:3138:28
installBuiltinAddon@AddonManager.jsm:2548:7
installBuiltinAddon@AddonManager.jsm:4082:33
ensureBuiltinExtension@SearchService.jsm:1372:28
_loadEngines@SearchService.jsm:1292:20
async*_maybeReloadEngines@SearchService.jsm:1491:16
async*fetchRegionDefault/</request.onload@SearchService.jsm:444:10
observe@AsyncShutdown.jsm:554:16
GeckoDriver.prototype.quit@driver.js:3514:20
despatch@server.js:305:40
execute@server.js:275:16
onPacket/<@server.js:248:20
onPacket@server.js:249:9
_onJSONObjectReady/<@transport.js:501:20
1588057313103	addons.xpi	WARN	Addon with ID google@search.mozilla.org already installed, older version will be disabled
1588057313104	addons.xpi-utils	WARN	Error: XPI database modified after shutdown began(resource://gre/modules/addons/XPIDatabase.jsm:1545:17) JS Stack trace: saveChanges@XPIDatabase.jsm:1545:17
makeAddonVisible@XPIDatabase.jsm:2348:10
addToDatabase@XPIDatabase.jsm:2275:12
install@XPIInstall.jsm:4320:27
update@XPIProvider.jsm:2074:13
async*_activateAddon@XPIInstall.jsm:4339:54
async*installBuiltinAddon@XPIInstall.jsm:4275:16
async*XPIProvider[meth]@XPIProvider.jsm:3138:28
installBuiltinAddon@AddonManager.jsm:2548:7
installBuiltinAddon@AddonManager.jsm:4082:33
ensureBuiltinExtension@SearchService.jsm:1372:28
_loadEngines@SearchService.jsm:1292:20
async*_maybeReloadEngines@SearchService.jsm:1491:16
async*fetchRegionDefault/</request.onload@SearchService.jsm:444:10
observe@AsyncShutdown.jsm:554:16
GeckoDriver.prototype.quit@driver.js:3514:20
despatch@server.js:305:40
execute@server.js:275:16
onPacket/<@server.js:248:20
onPacket@server.js:249:9
_onJSONObjectReady/<@transport.js:501:20
1588057313104	addons.xpi-utils	WARN	Error: XPI database modified after shutdown began(resource://gre/modules/addons/XPIDatabase.jsm:1545:17) JS Stack trace: saveChanges@XPIDatabase.jsm:1545:17
addToDatabase@XPIDatabase.jsm:2278:10
install@XPIInstall.jsm:4320:27
update@XPIProvider.jsm:2074:13
async*_activateAddon@XPIInstall.jsm:4339:54
async*installBuiltinAddon@XPIInstall.jsm:4275:16
async*XPIProvider[meth]@XPIProvider.jsm:3138:28
installBuiltinAddon@AddonManager.jsm:2548:7
installBuiltinAddon@AddonManager.jsm:4082:33
ensureBuiltinExtension@SearchService.jsm:1372:28
_loadEngines@SearchService.jsm:1292:20
async*_maybeReloadEngines@SearchService.jsm:1491:16
async*fetchRegionDefault/</request.onload@SearchService.jsm:444:10
observe@AsyncShutdown.jsm:554:16
GeckoDriver.prototype.quit@driver.js:3514:20
despatch@server.js:305:40
execute@server.js:275:16
onPacket/<@server.js:248:20
onPacket@server.js:249:9
_onJSONObjectReady/<@transport.js:501:20
1588057313121	addons.xpi	WARN	Addon with ID twitter@search.mozilla.org already installed, older version will be disabled
1588057313122	addons.xpi-utils	WARN	Error: XPI database modified after shutdown began(resource://gre/modules/addons/XPIDatabase.jsm:1545:17) JS Stack trace: saveChanges@XPIDatabase.jsm:1545:17
makeAddonVisible@XPIDatabase.jsm:2348:10
addToDatabase@XPIDatabase.jsm:2275:12
install@XPIInstall.jsm:4320:27
update@XPIProvider.jsm:2074:13
async*_activateAddon@XPIInstall.jsm:4339:54
async*installBuiltinAddon@XPIInstall.jsm:4275:16
async*XPIProvider[meth]@XPIProvider.jsm:3138:28
installBuiltinAddon@AddonManager.jsm:2548:7
installBuiltinAddon@AddonManager.jsm:4082:33
ensureBuiltinExtension@SearchService.jsm:1372:28
_loadEngines@SearchService.jsm:1292:20
async*_maybeReloadEngines@SearchService.jsm:1491:16
async*fetchRegionDefault/</request.onload@SearchService.jsm:444:10
observe@AsyncShutdown.jsm:554:16
GeckoDriver.prototype.quit@driver.js:3514:20
despatch@server.js:305:40
execute@server.js:275:16
onPacket/<@server.js:248:20
onPacket@server.js:249:9
_onJSONObjectReady/<@transport.js:501:20
1588057313122	addons.xpi-utils	WARN	Error: XPI database modified after shutdown began(resource://gre/modules/addons/XPIDatabase.jsm:1545:17) JS Stack trace: saveChanges@XPIDatabase.jsm:1545:17
addToDatabase@XPIDatabase.jsm:2278:10
install@XPIInstall.jsm:4320:27
update@XPIProvider.jsm:2074:13
async*_activateAddon@XPIInstall.jsm:4339:54
async*installBuiltinAddon@XPIInstall.jsm:4275:16
async*XPIProvider[meth]@XPIProvider.jsm:3138:28
installBuiltinAddon@AddonManager.jsm:2548:7
installBuiltinAddon@AddonManager.jsm:4082:33
ensureBuiltinExtension@SearchService.jsm:1372:28
_loadEngines@SearchService.jsm:1292:20
async*_maybeReloadEngines@SearchService.jsm:1491:16
async*fetchRegionDefault/</request.onload@SearchService.jsm:444:10
observe@AsyncShutdown.jsm:554:16
GeckoDriver.prototype.quit@driver.js:3514:20
despatch@server.js:305:40
execute@server.js:275:16
onPacket/<@server.js:248:20
onPacket@server.js:249:9
_onJSONObjectReady/<@transport.js:501:20
1588057313165	addons.xpi	WARN	Addon with ID wikipedia@search.mozilla.org already installed, older version will be disabled
1588057313165	addons.xpi-utils	WARN	Error: XPI database modified after shutdown began(resource://gre/modules/addons/XPIDatabase.jsm:1545:17) JS Stack trace: saveChanges@XPIDatabase.jsm:1545:17
makeAddonVisible@XPIDatabase.jsm:2348:10
addToDatabase@XPIDatabase.jsm:2275:12
install@XPIInstall.jsm:4320:27
update@XPIProvider.jsm:2074:13
async*_activateAddon@XPIInstall.jsm:4339:54
async*installBuiltinAddon@XPIInstall.jsm:4275:16
async*XPIProvider[meth]@XPIProvider.jsm:3138:28
installBuiltinAddon@AddonManager.jsm:2548:7
installBuiltinAddon@AddonManager.jsm:4082:33
ensureBuiltinExtension@SearchService.jsm:1372:28
_loadEngines@SearchService.jsm:1292:20
async*_maybeReloadEngines@SearchService.jsm:1491:16
async*fetchRegionDefault/</request.onload@SearchService.jsm:444:10
observe@AsyncShutdown.jsm:554:16
GeckoDriver.prototype.quit@driver.js:3514:20
despatch@server.js:305:40
execute@server.js:275:16
onPacket/<@server.js:248:20
onPacket@server.js:249:9
_onJSONObjectReady/<@transport.js:501:20
1588057313166	addons.xpi-utils	WARN	Error: XPI database modified after shutdown began(resource://gre/modules/addons/XPIDatabase.jsm:1545:17) JS Stack trace: saveChanges@XPIDatabase.jsm:1545:17
addToDatabase@XPIDatabase.jsm:2278:10
install@XPIInstall.jsm:4320:27
update@XPIProvider.jsm:2074:13
async*_activateAddon@XPIInstall.jsm:4339:54
async*installBuiltinAddon@XPIInstall.jsm:4275:16
async*XPIProvider[meth]@XPIProvider.jsm:3138:28
installBuiltinAddon@AddonManager.jsm:2548:7
installBuiltinAddon@AddonManager.jsm:4082:33
ensureBuiltinExtension@SearchService.jsm:1372:28
_loadEngines@SearchService.jsm:1292:20
async*_maybeReloadEngines@SearchService.jsm:1491:16
async*fetchRegionDefault/</request.onload@SearchService.jsm:444:10
observe@AsyncShutdown.jsm:554:16
GeckoDriver.prototype.quit@driver.js:3514:20
despatch@server.js:305:40
execute@server.js:275:16
onPacket/<@server.js:248:20
onPacket@server.js:249:9
_onJSONObjectReady/<@transport.js:501:20
1588057313183	addons.xpi	WARN	Addon with ID ddg@search.mozilla.org already installed, older version will be disabled
1588057313184	addons.xpi-utils	WARN	Error: XPI database modified after shutdown began(resource://gre/modules/addons/XPIDatabase.jsm:1545:17) JS Stack trace: saveChanges@XPIDatabase.jsm:1545:17
makeAddonVisible@XPIDatabase.jsm:2348:10
addToDatabase@XPIDatabase.jsm:2275:12
install@XPIInstall.jsm:4320:27
update@XPIProvider.jsm:2074:13
async*_activateAddon@XPIInstall.jsm:4339:54
async*installBuiltinAddon@XPIInstall.jsm:4275:16
async*XPIProvider[meth]@XPIProvider.jsm:3138:28
installBuiltinAddon@AddonManager.jsm:2548:7
installBuiltinAddon@AddonManager.jsm:4082:33
ensureBuiltinExtension@SearchService.jsm:1372:28
_loadEngines@SearchService.jsm:1292:20
async*_maybeReloadEngines@SearchService.jsm:1491:16
async*fetchRegionDefault/</request.onload@SearchService.jsm:444:10
observe@AsyncShutdown.jsm:554:16
GeckoDriver.prototype.quit@driver.js:3514:20
despatch@server.js:305:40
execute@server.js:275:16
onPacket/<@server.js:248:20
onPacket@server.js:249:9
_onJSONObjectReady/<@transport.js:501:20
1588057313184	addons.xpi-utils	WARN	Error: XPI database modified after shutdown began(resource://gre/modules/addons/XPIDatabase.jsm:1545:17) JS Stack trace: saveChanges@XPIDatabase.jsm:1545:17
addToDatabase@XPIDatabase.jsm:2278:10
install@XPIInstall.jsm:4320:27
update@XPIProvider.jsm:2074:13
async*_activateAddon@XPIInstall.jsm:4339:54
async*installBuiltinAddon@XPIInstall.jsm:4275:16
async*XPIProvider[meth]@XPIProvider.jsm:3138:28
installBuiltinAddon@AddonManager.jsm:2548:7
installBuiltinAddon@AddonManager.jsm:4082:33
ensureBuiltinExtension@SearchService.jsm:1372:28
_loadEngines@SearchService.jsm:1292:20
async*_maybeReloadEngines@SearchService.jsm:1491:16
async*fetchRegionDefault/</request.onload@SearchService.jsm:444:10
observe@AsyncShutdown.jsm:554:16
GeckoDriver.prototype.quit@driver.js:3514:20
despatch@server.js:305:40
execute@server.js:275:16
onPacket/<@server.js:248:20
onPacket@server.js:249:9
_onJSONObjectReady/<@transport.js:501:20

###!!! [Child][RunMessage] Error: Channel closing: too late to send/recv, messages will be lost


###!!! [Child][MessageChannel::SendAndWait] Error: Channel error: cannot send/recv

1588057667178	mozrunner::runner	INFO	Running command: "C:\\Program Files\\Firefox Developer Edition\\firefox.exe" "-marionette" "-foreground" "-no-remote" "-profile" "C:\\Users\\WASIMM~1\\AppData\\Local\\Temp\\rust_mozprofiler5CL7a"
1588057667702	addons.webextension.doh-rollout@mozilla.org	WARN	Loading extension 'doh-rollout@mozilla.org': Reading manifest: Invalid extension permission: networkStatus
1588057669059	addons.webextension.screenshots@mozilla.org	WARN	Loading extension 'screenshots@mozilla.org': Reading manifest: Invalid extension permission: mozillaAddons
1588057669059	addons.webextension.screenshots@mozilla.org	WARN	Loading extension 'screenshots@mozilla.org': Reading manifest: Invalid extension permission: telemetry
1588057669059	addons.webextension.screenshots@mozilla.org	WARN	Loading extension 'screenshots@mozilla.org': Reading manifest: Invalid extension permission: resource://pdf.js/
1588057669059	addons.webextension.screenshots@mozilla.org	WARN	Loading extension 'screenshots@mozilla.org': Reading manifest: Invalid extension permission: about:reader*
JavaScript error: resource://gre/modules/XULStore.jsm, line 66: Error: Can't find profile directory.
1588057671480	Marionette	INFO	Listening on port 56340
1588057671897	Marionette	WARN	TLS certificate errors will be ignored for this session
1588057708937	Marionette	INFO	Stopped listening on port 56340

###!!! [Child][RunMessage] Error: Channel closing: too late to send/recv, messages will be lost


###!!! [Child][MessageChannel::SendAndWait] Error: Channel error: cannot send/recv

s.webextension.doh-rollout@mozilla.org	WARN	Loading extension 'doh-rollout@mozilla.org': Reading manifest: Invalid extension permission: networkStatus
1588057707653	addons.webextension.screenshots@mozilla.org	WARN	Loading extension 'screenshots@mozilla.org': Reading manifest: Invalid extension permission: mozillaAddons
1588057707653	addons.webextension.screenshots@mozilla.org	WARN	Loading extension 'screenshots@mozilla.org': Reading manifest: Invalid extension permission: telemetry
1588057707653	addons.webextension.screenshots@mozilla.org	WARN	Loading extension 'screenshots@mozilla.org': Reading manifest: Invalid extension permission: resource://pdf.js/
1588057707654	addons.webextension.screenshots@mozilla.org	WARN	Loading extension 'screenshots@mozilla.org': Reading manifest: Invalid extension permission: about:reader*
JavaScript error: resource://gre/modules/XULStore.jsm, line 66: Error: Can't find profile directory.
1588057710092	Marionette	INFO	Listening on port 56426
1588057710101	Marionette	WARN	TLS certificate errors will be ignored for this session
JavaScript error: resource://gre/modules/IndexedDB.jsm, line 370: UnknownError: IDBDatabase.transaction: Can't start IndexedDB transaction during shutdown
1588057751118	Marionette	INFO	Stopped listening on port 56426

###!!! [Child][RunMessage] Error: Channel closing: too late to send/recv, messages will be lost


###!!! [Child][MessageChannel::SendAndWait] Error: Channel error: cannot send/recv

057742030	addons.webextension.screenshots@mozilla.org	WARN	Loading extension 'screenshots@mozilla.org': Reading manifest: Invalid extension permission: mozillaAddons
1588057742030	addons.webextension.screenshots@mozilla.org	WARN	Loading extension 'screenshots@mozilla.org': Reading manifest: Invalid extension permission: telemetry
1588057742030	addons.webextension.screenshots@mozilla.org	WARN	Loading extension 'screenshots@mozilla.org': Reading manifest: Invalid extension permission: resource://pdf.js/
1588057742030	addons.webextension.screenshots@mozilla.org	WARN	Loading extension 'screenshots@mozilla.org': Reading manifest: Invalid extension permission: about:reader*
JavaScript error: resource://gre/modules/XULStore.jsm, line 66: Error: Can't find profile directory.
1588057744676	Marionette	INFO	Listening on port 56518
1588057744699	Marionette	WARN	TLS certificate errors will be ignored for this session
1588057782179	Marionette	INFO	Stopped listening on port 56518

###!!! [Child][RunMessage] Error: Channel closing: too late to send/recv, messages will be lost


###!!! [Child][MessageChannel::SendAndWait] Error: Channel error: cannot send/recv

s.webextension.doh-rollout@mozilla.org	WARN	Loading extension 'doh-rollout@mozilla.org': Reading manifest: Invalid extension permission: networkStatus
1588057776066	addons.webextension.screenshots@mozilla.org	WARN	Loading extension 'screenshots@mozilla.org': Reading manifest: Invalid extension permission: mozillaAddons
1588057776066	addons.webextension.screenshots@mozilla.org	WARN	Loading extension 'screenshots@mozilla.org': Reading manifest: Invalid extension permission: telemetry
1588057776066	addons.webextension.screenshots@mozilla.org	WARN	Loading extension 'screenshots@mozilla.org': Reading manifest: Invalid extension permission: resource://pdf.js/
1588057776066	addons.webextension.screenshots@mozilla.org	WARN	Loading extension 'screenshots@mozilla.org': Reading manifest: Invalid extension permission: about:reader*
JavaScript error: resource://gre/modules/XULStore.jsm, line 66: Error: Can't find profile directory.
1588057779018	Marionette	INFO	Listening on port 56600
1588057779447	Marionette	WARN	TLS certificate errors will be ignored for this session
1588057932097	Marionette	INFO	Stopped listening on port 56600

###!!! [Child][MessageChannel::SendAndWait] Error: Channel error: cannot send/recv

te" "-profile" "C:\\Users\\WASIMM~1\\AppData\\Local\\Temp\\rust_mozprofileUFIjki"
1588057903126	addons.webextension.doh-rollout@mozilla.org	WARN	Loading extension 'doh-rollout@mozilla.org': Reading manifest: Invalid extension permission: networkStatus
1588057905836	addons.webextension.screenshots@mozilla.org	WARN	Loading extension 'screenshots@mozilla.org': Reading manifest: Invalid extension permission: mozillaAddons
1588057905836	addons.webextension.screenshots@mozilla.org	WARN	Loading extension 'screenshots@mozilla.org': Reading manifest: Invalid extension permission: telemetry
1588057905837	addons.webextension.screenshots@mozilla.org	WARN	Loading extension 'screenshots@mozilla.org': Reading manifest: Invalid extension permission: resource://pdf.js/
1588057905837	addons.webextension.screenshots@mozilla.org	WARN	Loading extension 'screenshots@mozilla.org': Reading manifest: Invalid extension permission: about:reader*
JavaScript error: resource://gre/modules/XULStore.jsm, line 66: Error: Can't find profile directory.
1588057908601	Marionette	INFO	Listening on port 56770
1588057908737	Marionette	WARN	TLS certificate errors will be ignored for this session
1588057934065	Marionette	INFO	Stopped listening on port 56770

###!!! [Child][RunMessage] Error: Channel closing: too late to send/recv, messages will be lost


###!!! [Child][MessageChannel::SendAndWait] Error: Channel error: cannot send/recv

1588057954891	mozrunner::runner	INFO	Running command: "C:\\Program Files\\Firefox Developer Edition\\firefox.exe" "-marionette" "-foreground" "-no-remote" "-profile" "C:\\Users\\WASIMM~1\\AppData\\Local\\Temp\\rust_mozprofilebYh2Ep"
1588057955712	addons.webextension.doh-rollout@mozilla.org	WARN	Loading extension 'doh-rollout@mozilla.org': Reading manifest: Invalid extension permission: networkStatus
1588057957771	addons.webextension.screenshots@mozilla.org	WARN	Loading extension 'screenshots@mozilla.org': Reading manifest: Invalid extension permission: mozillaAddons
1588057957771	addons.webextension.screenshots@mozilla.org	WARN	Loading extension 'screenshots@mozilla.org': Reading manifest: Invalid extension permission: telemetry
1588057957771	addons.webextension.screenshots@mozilla.org	WARN	Loading extension 'screenshots@mozilla.org': Reading manifest: Invalid extension permission: resource://pdf.js/
1588057957771	addons.webextension.screenshots@mozilla.org	WARN	Loading extension 'screenshots@mozilla.org': Reading manifest: Invalid extension permission: about:reader*
JavaScript error: resource://gre/modules/XULStore.jsm, line 66: Error: Can't find profile directory.
1588057960730	Marionette	INFO	Listening on port 56874
1588057961111	Marionette	WARN	TLS certificate errors will be ignored for this session
1588057991756	Marionette	INFO	Stopped listening on port 56874

###!!! [Child][RunMessage] Error: Channel closing: too late to send/recv, messages will be lost


###!!! [Child][MessageChannel::SendAndWait] Error: Channel error: cannot send/recv

s.webextension.doh-rollout@mozilla.org	WARN	Loading extension 'doh-rollout@mozilla.org': Reading manifest: Invalid extension permission: networkStatus
1588057985652	addons.webextension.screenshots@mozilla.org	WARN	Loading extension 'screenshots@mozilla.org': Reading manifest: Invalid extension permission: mozillaAddons
1588057985652	addons.webextension.screenshots@mozilla.org	WARN	Loading extension 'screenshots@mozilla.org': Reading manifest: Invalid extension permission: telemetry
1588057985652	addons.webextension.screenshots@mozilla.org	WARN	Loading extension 'screenshots@mozilla.org': Reading manifest: Invalid extension permission: resource://pdf.js/
1588057985653	addons.webextension.screenshots@mozilla.org	WARN	Loading extension 'screenshots@mozilla.org': Reading manifest: Invalid extension permission: about:reader*
JavaScript error: resource://gre/modules/XULStore.jsm, line 66: Error: Can't find profile directory.
1588057988530	Marionette	INFO	Listening on port 56954
1588057988802	Marionette	WARN	TLS certificate errors will be ignored for this session
1588058037677	Marionette	INFO	Stopped listening on port 56954

###!!! [Child][MessageChannel::SendAndWait] Error: Channel error: cannot send/recv

1588058042951	mozrunner::runner	INFO	Running command: "C:\\Program Files\\Firefox Developer Edition\\firefox.exe" "-marionette" "-foreground" "-no-remote" "-profile" "C:\\Users\\WASIMM~1\\AppData\\Local\\Temp\\rust_mozprofileIraWsT"
1588058043567	addons.webextension.doh-rollout@mozilla.org	WARN	Loading extension 'doh-rollout@mozilla.org': Reading manifest: Invalid extension permission: networkStatus
1588058045483	addons.webextension.screenshots@mozilla.org	WARN	Loading extension 'screenshots@mozilla.org': Reading manifest: Invalid extension permission: mozillaAddons
1588058045483	addons.webextension.screenshots@mozilla.org	WARN	Loading extension 'screenshots@mozilla.org': Reading manifest: Invalid extension permission: telemetry
1588058045483	addons.webextension.screenshots@mozilla.org	WARN	Loading extension 'screenshots@mozilla.org': Reading manifest: Invalid extension permission: resource://pdf.js/
1588058045483	addons.webextension.screenshots@mozilla.org	WARN	Loading extension 'screenshots@mozilla.org': Reading manifest: Invalid extension permission: about:reader*
JavaScript error: resource://gre/modules/XULStore.jsm, line 66: Error: Can't find profile directory.
1588058047748	Marionette	INFO	Listening on port 57097
1588058048163	Marionette	WARN	TLS certificate errors will be ignored for this session
1588058052467	Marionette	INFO	Stopped listening on port 57097

###!!! [Child][RunMessage] Error: Channel closing: too late to send/recv, messages will be lost


###!!! [Child][MessageChannel::SendAndWait] Error: Channel error: cannot send/recv

